03843aff-76c8-452e-b14d-a31e7f9a9b0d bpinsard@blg8252.int.ets1.calculquebec.ca:/localscratch/bpinsard.26064983.0/fmriprep_studyretinotopy_sub03_ses006.job timestamp=1633398016.988118197s
03bdcd33-8198-4a53-99cf-9028ce80f9df bpinsard@blg8536.int.ets1.calculquebec.ca:/localscratch/bpinsard.27139290.0/fmriprep_studyretinotopy_sub02_ses003.job timestamp=1635459853.511328762s
06ded51b-c751-4097-a65c-cbc8cfbf4069 ria-sequoia-storage timestamp=1645045524.862117315s
08b9901a-3bdf-4a0b-8454-73e4667fd0e8 bpinsard@beluga1.int.ets1.calculquebec.ca:/lustre03/project/6003287/datasets/cneuromod_processed/fmriprep/retinotopy timestamp=1628618225.636197s
0a6fc193-be89-4d51-ae68-b275129db31d bpinsard@blg8412.int.ets1.calculquebec.ca:/localscratch/bpinsard.27139293.0/fmriprep_studyretinotopy_sub02_ses006.job timestamp=1635460184.073166457s
0eab41e2-7f68-4186-8d76-40e98299822f bpinsard@blg6119.int.ets1.calculquebec.ca:/localscratch/bpinsard.26064980.0/fmriprep_studyretinotopy_sub03_ses003.job timestamp=1633397822.980919808s
12f29831-c072-4a21-8dc5-ae0ca2b4d724 bpinsard@blg8421.int.ets1.calculquebec.ca:/localscratch/bpinsard.27139281.0/fmriprep_studyretinotopy_sub01_ses005.job timestamp=1635459939.16811773s
27cdbea0-66ad-4efd-8eea-abb33a1d5133 bpinsard@blg8432.int.ets1.calculquebec.ca:/localscratch/bpinsard.27139278.0/fmriprep_studyretinotopy_sub01_ses002.job timestamp=1635459925.047641847s
2c6de177-8a68-4e7d-822e-b61a97bb1bf1 bpinsard@blg8148.int.ets1.calculquebec.ca:/localscratch/bpinsard.26025800.0/fmriprep_study-retinotopy_sub--01_ses--001.job timestamp=1633314375.788130092s
30f0758f-155f-43ee-8e6a-e296dc81b884 bpinsard@blg4319.int.ets1.calculquebec.ca:/localscratch/bpinsard.26064973.0/fmriprep_studyretinotopy_sub02_ses001.job timestamp=1633397883.746579018s
3da1a181-bb79-45a7-b559-43004ec77391 bpinsard@blg4614.int.ets1.calculquebec.ca:/localscratch/bpinsard.26064970.0/fmriprep_studyretinotopy_sub01_ses004.job timestamp=1633397619.903467884s
407e0eb1-f3e4-46cc-9df4-4d0b6593ab30 bpinsard@blg8431.int.ets1.calculquebec.ca:/localscratch/bpinsard.26057196.0/fmriprep_studyretinotopy_sub01_ses001.job timestamp=1633377158.092769915s
45cc218c-2de3-4a5c-b6b3-25e59120e4e6 bpinsard@blg6151.int.ets1.calculquebec.ca:/localscratch/bpinsard.26064977.0/fmriprep_studyretinotopy_sub02_ses005.job timestamp=1633397690.009270628s
47876f5f-53e6-4a2f-a74f-9400c250b168 bpinsard@blg5721.int.ets1.calculquebec.ca:/localscratch/bpinsard.26064985.0/fmriprep_studyretinotopy_sub06_ses002.job timestamp=1633398063.260110095s
53261366-bb17-412c-ae94-783f9544b8ea bpinsard@narval2.narval.calcul.quebec:/lustre07/scratch/bpinsard/cneuromod.processed/fmriprep/retinotopy timestamp=1647653746.055841537s
54b83615-1fea-4d90-9c63-717187bde4aa bpinsard@blg8530.int.ets1.calculquebec.ca:/localscratch/bpinsard.27139289.0/fmriprep_studyretinotopy_sub02_ses002.job timestamp=1635459870.291647795s
57c9a2e8-d5f7-4dc7-98e7-d61a2f045125 bpinsard@blg6112.int.ets1.calculquebec.ca:/localscratch/bpinsard.26064979.0/fmriprep_studyretinotopy_sub03_ses002.job timestamp=1633397755.630997139s
6908a01f-0dbd-4713-a638-f6a4363814e9 bpinsard@blg5818.int.ets1.calculquebec.ca:/localscratch/bpinsard.27139296.0/fmriprep_studyretinotopy_sub03_ses004.job timestamp=1635460213.453715181s
6ca137ff-5e5e-417f-89bf-517fb44c6990 ria-beluga-storage timestamp=1633719425.778314143s
75e4b68d-9123-44e1-806c-0945dfc03bd8 bpinsard@blg8421.int.ets1.calculquebec.ca:/localscratch/bpinsard.27139282.0/fmriprep_studyretinotopy_sub01_ses006.job timestamp=1635459949.225282209s
7a33459a-0d03-4562-a704-612875d7c05a bpinsard@blg8246.int.ets1.calculquebec.ca:/localscratch/bpinsard.26064968.0/fmriprep_studyretinotopy_sub01_ses002.job timestamp=1633397587.658148578s
820eab70-980b-408e-a221-25bcda6d3273 bpinsard@blg4219.int.ets1.calculquebec.ca:/localscratch/bpinsard.26064972.0/fmriprep_studyretinotopy_sub01_ses006.job timestamp=1633397349.052804506s
8342fe90-c557-4ce4-a3d8-748637a108eb bpinsard@blg8432.int.ets1.calculquebec.ca:/localscratch/bpinsard.27139279.0/fmriprep_studyretinotopy_sub01_ses003.job timestamp=1635459899.846548336s
89a36ecb-3cae-48d7-8482-77b8c3d9f9e4 bpinsard@blg5818.int.ets1.calculquebec.ca:/localscratch/bpinsard.27139295.0/fmriprep_studyretinotopy_sub03_ses003.job timestamp=1635466775.4692946s
8b6ba356-8035-40ea-a556-7298d2def0d3 bpinsard@blg7232.int.ets1.calculquebec.ca:/localscratch/bpinsard.26064974.0/fmriprep_studyretinotopy_sub02_ses002.job timestamp=1633397723.207140744s
8d740889-c513-4e77-a066-5ece6c1c42bb bpinsard@blg7514.int.ets1.calculquebec.ca:/localscratch/bpinsard.26064971.0/fmriprep_studyretinotopy_sub01_ses005.job timestamp=1633397492.862632317s
a433de66-2405-4376-bd16-41646ab140ec ria-narval-storage timestamp=1639078970.386076391s
a543dd74-73b3-4b24-8c76-3fdbf74924bd bpinsard@blg6152.int.ets1.calculquebec.ca:/localscratch/bpinsard.26064978.0/fmriprep_studyretinotopy_sub02_ses006.job timestamp=1633397854.403792678s
ae6dcaae-9a65-4d1e-ab0d-4bb5bd05d497 bpinsard@blg6132.int.ets1.calculquebec.ca:/localscratch/bpinsard.26064982.0/fmriprep_studyretinotopy_sub03_ses005.job timestamp=1633397984.329185295s
b4c221fe-eda2-4978-9c08-563f3eb7242f bpinsard@blg8637.int.ets1.calculquebec.ca:/localscratch/bpinsard.26064967.0/fmriprep_studyretinotopy_sub01_ses001.job timestamp=1633397652.859376658s
b959f85c-3ed9-418a-8f61-78bf3fcbed65 bpinsard@blg4820.int.ets1.calculquebec.ca:/localscratch/bpinsard.27139298.0/fmriprep_studyretinotopy_sub03_ses006.job timestamp=1635460199.207433147s
bfdb0367-d802-4914-b069-62a3127e9618 bpinsard@beluga6.int.ets1.calculquebec.ca:/lustre04/scratch/bpinsard/cneuromod.processed/fmriprep/retinotopy timestamp=1640099291.401587103s
c1820626-2b13-49e0-9e39-b22aa5bf66b7 bpinsard@blg7250.int.ets1.calculquebec.ca:/localscratch/bpinsard.26064975.0/fmriprep_studyretinotopy_sub02_ses003.job timestamp=1633397915.077109529s
cd564c06-1838-440e-9f86-80b871954b89 bpinsard@blg4610.int.ets1.calculquebec.ca:/localscratch/bpinsard.27086606.0/fmriprep_studyretinotopy_sub01_ses001.job timestamp=1635432327.764571804s
cee5b651-81ff-4614-901d-6fd64020fe55 bpinsard@blg6129.int.ets1.calculquebec.ca:/localscratch/bpinsard.26064981.0/fmriprep_studyretinotopy_sub03_ses004.job timestamp=1633397948.641563873s
d22e0867-9425-484b-9ebd-b1844d586199 bpinsard@blg8541.int.ets1.calculquebec.ca:/localscratch/bpinsard.27139291.0/fmriprep_studyretinotopy_sub02_ses004.job timestamp=1635459885.646722564s
d2432187-6dd3-46fa-8ac1-2ebd09147a96 bpinsard@blg6146.int.ets1.calculquebec.ca:/localscratch/bpinsard.26064976.0/fmriprep_studyretinotopy_sub02_ses004.job timestamp=1633397784.330320986s
d54b6b8c-067e-4b73-be7c-a831acd82396 bpinsard@blg8614.int.ets1.calculquebec.ca:/localscratch/bpinsard.27163866.0/fmriprep_studyretinotopy_sub03_ses005.job timestamp=1635519170.592418681s
dcde6d7e-54d4-4630-8cad-f7bafd561fd9 bpinsard@blg5721.int.ets1.calculquebec.ca:/localscratch/bpinsard.26064984.0/fmriprep_studyretinotopy_sub06_ses001.job timestamp=1633398048.21577011s
dfe9ae02-f3e4-48e6-8a83-daf1c9e8ef22 bpinsard@blg8416.int.ets1.calculquebec.ca:/localscratch/bpinsard.27139280.0/fmriprep_studyretinotopy_sub01_ses004.job timestamp=1635459837.994290324s
e400aeb1-4e94-4efb-961f-2c802dc2ee6d bpinsard@blg8621.int.ets1.calculquebec.ca:/localscratch/bpinsard.27139292.0/fmriprep_studyretinotopy_sub02_ses005.job timestamp=1635459914.636259846s
e6615af1-58a6-4270-823b-ed5e98b4b541 bpinsard@blg8529.int.ets1.calculquebec.ca:/localscratch/bpinsard.27139288.0/fmriprep_studyretinotopy_sub02_ses001.job timestamp=1635459821.850352706s
f05177f2-db1a-4d48-a6af-fb923fbc0963 bpinsard@blg5121.int.ets1.calculquebec.ca:/localscratch/bpinsard.26064969.0/fmriprep_studyretinotopy_sub01_ses003.job timestamp=1633397528.569271776s
fe26d916-c827-4c99-8013-4f2ca0a86f54 bpinsard@blg8224.int.ets1.calculquebec.ca:/localscratch/bpinsard.27139294.0/fmriprep_studyretinotopy_sub03_ses002.job timestamp=1635466796.840359854s
